<?xml version="1.0" encoding="UTF-8"?>
<!-- Generated by org.testng.reporters.JUnitReportReporter -->
<testsuite hostname="vasundhara" failures="0" tests="2" name="batchexecution.Test4" time="0.041" errors="0" timestamp="2023-08-12T08:43:18 IST" skipped="0">
  <testcase classname="batchexecution.Test4" name="demo1" time="0.036"/>
  <testcase classname="batchexecution.Test4" name="demo2" time="0.005"/>
</testsuite> <!-- batchexecution.Test4 -->
