<?xml version="1.0" encoding="UTF-8"?>
<!-- Generated by org.testng.reporters.JUnitReportReporter -->
<testsuite hostname="vasundhara" failures="0" tests="2" name="batchexecution.Test2" time="0.019" errors="0" timestamp="2023-08-12T08:43:18 IST" skipped="0">
  <testcase classname="batchexecution.Test2" name="demo2" time="0.002"/>
  <testcase classname="batchexecution.Test2" name="demo1" time="0.017"/>
</testsuite> <!-- batchexecution.Test2 -->
