<?xml version="1.0" encoding="UTF-8"?>
<!-- Generated by org.testng.reporters.JUnitReportReporter -->
<testsuite hostname="vasundhara" failures="0" tests="2" name="batchexecution.Test6" time="0.029" errors="0" timestamp="2023-08-12T08:43:18 IST" skipped="0">
  <testcase classname="batchexecution.Test6" name="demo2" time="0.006"/>
  <testcase classname="batchexecution.Test6" name="demo1" time="0.023"/>
</testsuite> <!-- batchexecution.Test6 -->
