<?xml version="1.0" encoding="UTF-8"?>
<!-- Generated by org.testng.reporters.JUnitReportReporter -->
<testsuite hostname="vasundhara" failures="0" tests="2" name="batchexecution.Test5" time="0.023" errors="0" timestamp="2023-08-12T08:43:18 IST" skipped="0">
  <testcase classname="batchexecution.Test5" name="demo1" time="0.007"/>
  <testcase classname="batchexecution.Test5" name="demo2" time="0.016"/>
</testsuite> <!-- batchexecution.Test5 -->
